********************************************************************************
DUPLICATOR-LITE PACKAGE-LOG: 20 March 2023 15h55
NOTICE: Do NOT post to public sites or forums 
********************************************************************************
VERSION:	1.5.3.1
WORDPRESS:	6.1.1
PHP INFO:	8.2.0 | SAPI: apache2handler
SERVER:		Apache/2.4.54 (Win64) OpenSSL/1.1.1p PHP/8.2.0 
PHP TIME LIMIT: (0) no time limit imposed 
PHP MAX MEMORY: 4294967296 (512M default) 
MEMORY STACK: 38MB
[CTRL DUP ARCIVE] PACKAGE AS NEW ID 1 SAVED | STATUS:0
[DUP ARCHIVE] BUILDING DATABASE

********************************************************************************
DATABASE:
********************************************************************************
BUILD MODE:   MYSQLDUMP
MYSQLTIMEOUT: 5000
MYSQLDUMP:    Is Supported
[PHP ERR][ISSUE] MSG:Creation of dynamic property DUP_Database::$sameNameTableExists is deprecated [CODE:8192|FILE:C:\Portfolio\gitare\wp-content\plugins\duplicator\classes\package\class.pack.database.php|LINE:761]
do_action('wp_ajax_duplicator_duparchive_package_build'), WP_Hook->do_action, WP_Hook->apply_filters, duplicator_duparchive_package_build, DUP_Package->runDupArchiveBuild, DUP_Database->build, DUP_Database->mysqlDump, DUP_Database->rewriteTableNameAs, DUP_Handler::error, DUP_Handler::getMessage
SQL CREATED: 20230320_gitare_cffc7f5f9c75040d9366_20230320155519_database.sql
SQL FILE SIZE: 765.1KB (783459)
SQL FILE TIME: 2023-03-20 15:55:38
SQL RUNTIME: 2.16 sec.
[DUP ARCHIVE] VALIDATING DATABASE
[DUP ARCHIVE] DONE DATABASE

********************************************************************************
ARCHIVE Type=DUP Mode=DupArchive
********************************************************************************
ARCHIVE DIR:  C:/Portfolio/gitare
ARCHIVE FILE: 20230320_gitare_cffc7f5f9c75040d9366_20230320155519_archive.daf
FILTERS: *OFF*
DIRS:
	not set
FILES:
	not set
EXTS:  not set
----------------------------------------
COMPRESSING
SIZE:	99.58MB
STATS:	Dirs 821 | Files 7,134 | Total 7,955
[DUP ARCHIVE] DONE ARCHIVE
[DUP ARCHIVE] DONE ARCHIVE
[DUP ARCHIVE] DONE ARCHIVE
[DUP ARCHIVE] DONE ARCHIVE
building installer
[DUP ARCHIVE] DONE ARCHIVE
COMPRESSED SIZE: 57.47MB
ARCHIVE RUNTIME: 39.59 sec.
MEMORY STACK: 40MB
CREATE WARNINGS: No warnings.
VALIDATION WARNINGS: No warnings.
[DUP ARCHIVE] DONE ARCHIVE
[DUP ARCHIVE] HAS COMPLETED CLOSING
[DUP ARCHIVE] DUP ARCHIVE INTEGRITY CHECK

********************************************************************************
INTEGRITY CHECKS:
********************************************************************************
SQL FILE: 765.1KB
INSTALLER FILE: 94.68KB
ARCHIVE FILE: 57.47MB 
EXPECTED FILE/DIRECTORY COUNT: 8,693
ACTUAL FILE/DIRECTORY COUNT: 8,694

********************************************************************************
RECORD ID:[1]
TOTAL PROCESS RUNTIME: 39.60 sec.
PEAK PHP MEMORY USED: 40MB
DONE PROCESSING => 20230320_gitare 2023-03-20 15:56:15

